{
  "stats": {
    "suites": 4,
    "tests": 4,
    "passes": 2,
    "pending": 0,
    "failures": 2,
    "testsRegistered": 4,
    "passPercent": 50,
    "pendingPercent": 0,
    "other": 0,
    "hasOther": false,
    "skipped": 0,
    "hasSkipped": false,
    "start": "2024-10-03T08:24:28.005Z",
    "end": "2024-10-03T08:25:07.820Z",
    "duration": 39815
  },
  "results": [
    {
      "uuid": "d2f89050-5693-4901-9e0f-15465dbf4ffc",
      "title": "",
      "fullFile": "cypress\\e2e\\CheckoutProcess.cy.js",
      "file": "cypress\\e2e\\CheckoutProcess.cy.js",
      "beforeHooks": [],
      "afterHooks": [],
      "tests": [
        {
          "title": "An uncaught error was detected outside of a test",
          "fullTitle": "An uncaught error was detected outside of a test",
          "timedOut": null,
          "duration": 404,
          "state": "failed",
          "speed": null,
          "pass": false,
          "fail": true,
          "pending": false,
          "context": null,
          "code": "throw err;",
          "err": {
            "message": "ReferenceError: The following error originated from your test code, not from Cypress.\n\n  > process is not defined\n\nWhen Cypress detects uncaught errors originating from your test code it will automatically fail the current test.\n\nCypress could not associate this error to any specific test.\n\nWe dynamically generated a new test to display this failure.",
            "estack": "ReferenceError: The following error originated from your test code, not from Cypress.\n\n  > process is not defined\n\nWhen Cypress detects uncaught errors originating from your test code it will automatically fail the current test.\n\nCypress could not associate this error to any specific test.\n\nWe dynamically generated a new test to display this failure.\n    at ./node_modules/ci-info/index.js (webpack://cypressassignment_1/./node_modules/ci-info/index.js:5:0)\n    at __webpack_require__ (webpack://cypressassignment_1/webpack/bootstrap:19:0)\n    at ./node_modules/is-ci/index.js (webpack://cypressassignment_1/./node_modules/is-ci/index.js:3:0)\n    at __webpack_require__ (webpack://cypressassignment_1/webpack/bootstrap:19:0)\n    at ./node_modules/cypress/lib/util.js (webpack://cypressassignment_1/./node_modules/cypress/lib/util.js:12:13)\n    at __webpack_require__ (webpack://cypressassignment_1/webpack/bootstrap:19:0)\n    at ./node_modules/cypress/index.js (webpack://cypressassignment_1/./node_modules/cypress/index.js:6:13)\n    at __webpack_require__ (webpack://cypressassignment_1/webpack/bootstrap:19:0)\n    at eval (webpack://cypressassignment_1/./cypress/e2e/CheckoutProcess.cy.js:5:0)\n    at eval (http://localhost:62937/__cypress/tests?p=cypress\\e2e\\CheckoutProcess.cy.js:153008:3)",
            "diff": null
          },
          "uuid": "b40ca43d-10e1-45c8-b142-6cf3929ac113",
          "parentUUID": "d2f89050-5693-4901-9e0f-15465dbf4ffc",
          "isHook": false,
          "skipped": false
        }
      ],
      "suites": [],
      "passes": [],
      "failures": [
        "b40ca43d-10e1-45c8-b142-6cf3929ac113"
      ],
      "pending": [],
      "skipped": [],
      "duration": 404,
      "root": true,
      "rootEmpty": false,
      "_timeout": 2000
    },
    {
      "uuid": "61a3c47c-a013-4c34-9170-bef26f54d0d6",
      "title": "",
      "fullFile": "cypress\\e2e\\testBtn.cy.js",
      "file": "cypress\\e2e\\testBtn.cy.js",
      "beforeHooks": [],
      "afterHooks": [],
      "tests": [],
      "suites": [
        {
          "uuid": "3dcf112f-21d8-421b-b7b7-eb71df8d8501",
          "title": "Button Click Test",
          "fullFile": "",
          "file": "",
          "beforeHooks": [],
          "afterHooks": [],
          "tests": [
            {
              "title": "Clicks the simple button",
              "fullTitle": "Button Click Test Clicks the simple button",
              "timedOut": null,
              "duration": 6356,
              "state": "passed",
              "speed": "medium",
              "pass": true,
              "fail": false,
              "pending": false,
              "context": null,
              "code": "cy.visit('https://ultimateqa.com/simple-html-elements-for-automation/');\ncy.get('#idExample').click();\ncy.wait(5000);\ncy.url().should('include', 'https://ultimateqa.com/button-success');",
              "err": {},
              "uuid": "cf8ec87d-05d9-4745-9cd9-6aefc6f3cb54",
              "parentUUID": "3dcf112f-21d8-421b-b7b7-eb71df8d8501",
              "isHook": false,
              "skipped": false
            }
          ],
          "suites": [],
          "passes": [
            "cf8ec87d-05d9-4745-9cd9-6aefc6f3cb54"
          ],
          "failures": [],
          "pending": [],
          "skipped": [],
          "duration": 6356,
          "root": false,
          "rootEmpty": false,
          "_timeout": 2000
        }
      ],
      "passes": [],
      "failures": [],
      "pending": [],
      "skipped": [],
      "duration": 0,
      "root": true,
      "rootEmpty": true,
      "_timeout": 2000
    },
    {
      "uuid": "3e225c47-457e-41bc-8fe7-a46d003d65b8",
      "title": "",
      "fullFile": "cypress\\e2e\\testCheckbox.cy.js",
      "file": "cypress\\e2e\\testCheckbox.cy.js",
      "beforeHooks": [],
      "afterHooks": [],
      "tests": [],
      "suites": [
        {
          "uuid": "60a8660a-87f3-44c5-8243-f5fe58bc632d",
          "title": "Button Click Test",
          "fullFile": "",
          "file": "",
          "beforeHooks": [],
          "afterHooks": [],
          "tests": [
            {
              "title": "Clicks and checks a checkbox",
              "fullTitle": "Button Click Test Clicks and checks a checkbox",
              "timedOut": null,
              "duration": 10139,
              "state": "failed",
              "speed": null,
              "pass": false,
              "fail": true,
              "pending": false,
              "context": null,
              "code": "cy.visit('https://ultimateqa.com/simple-html-elements-for-automation/');\ncy.get('input[type=\"checkbox\"][value=\"Bike\"]');\ncy.wait(5000);\ncy.get('input[type=\"checkbox\"][value=\"Bike\"]').should('be.checked');",
              "err": {
                "message": "AssertionError: Timed out retrying after 4000ms: expected '<input>' to be 'checked'",
                "estack": "AssertionError: Timed out retrying after 4000ms: expected '<input>' to be 'checked'\n    at Context.eval (webpack://cypressassignment_1/./cypress/e2e/testCheckbox.cy.js:8:53)",
                "diff": null
              },
              "uuid": "1e655e5d-b2ec-459a-848e-ef98398dbccb",
              "parentUUID": "60a8660a-87f3-44c5-8243-f5fe58bc632d",
              "isHook": false,
              "skipped": false
            }
          ],
          "suites": [],
          "passes": [],
          "failures": [
            "1e655e5d-b2ec-459a-848e-ef98398dbccb"
          ],
          "pending": [],
          "skipped": [],
          "duration": 10139,
          "root": false,
          "rootEmpty": false,
          "_timeout": 2000
        }
      ],
      "passes": [],
      "failures": [],
      "pending": [],
      "skipped": [],
      "duration": 0,
      "root": true,
      "rootEmpty": true,
      "_timeout": 2000
    },
    {
      "uuid": "8b6f8d72-3776-45d7-aee0-3f65758b5930",
      "title": "",
      "fullFile": "cypress\\e2e\\testRadio.cy.js",
      "file": "cypress\\e2e\\testRadio.cy.js",
      "beforeHooks": [],
      "afterHooks": [],
      "tests": [],
      "suites": [
        {
          "uuid": "ccfd301a-7ffe-4181-a4be-11af3335ff98",
          "title": "Button Click Test",
          "fullFile": "",
          "file": "",
          "beforeHooks": [],
          "afterHooks": [],
          "tests": [
            {
              "title": "Clicks a radio button",
              "fullTitle": "Button Click Test Clicks a radio button",
              "timedOut": null,
              "duration": 6093,
              "state": "passed",
              "speed": "medium",
              "pass": true,
              "fail": false,
              "pending": false,
              "context": null,
              "code": "cy.visit('https://ultimateqa.com/simple-html-elements-for-automation/');\ncy.get('input[type=\"radio\"][value=\"male\"]').check();\ncy.wait(5000);\ncy.get('input[type=\"radio\"][value=\"male\"]').should('be.checked');",
              "err": {},
              "uuid": "88bf65fe-3dc0-4e76-933c-e40dc8122b80",
              "parentUUID": "ccfd301a-7ffe-4181-a4be-11af3335ff98",
              "isHook": false,
              "skipped": false
            }
          ],
          "suites": [],
          "passes": [
            "88bf65fe-3dc0-4e76-933c-e40dc8122b80"
          ],
          "failures": [],
          "pending": [],
          "skipped": [],
          "duration": 6093,
          "root": false,
          "rootEmpty": false,
          "_timeout": 2000
        }
      ],
      "passes": [],
      "failures": [],
      "pending": [],
      "skipped": [],
      "duration": 0,
      "root": true,
      "rootEmpty": true,
      "_timeout": 2000
    }
  ],
  "meta": {
    "mocha": {
      "version": "7.0.1"
    },
    "mochawesome": {
      "options": {
        "quiet": false,
        "reportFilename": "[name]",
        "saveHtml": false,
        "saveJson": true,
        "consoleReporter": "spec",
        "useInlineDiffs": false,
        "code": true
      },
      "version": "7.1.3"
    },
    "marge": {
      "options": {
        "reportDir": "cypress/reports/mochawesome-reports",
        "overwrite": true,
        "html": false,
        "json": true,
        "reportFilename": "[name]"
      },
      "version": "6.2.0"
    }
  }
}