{
  "stats": {
    "suites": 1,
    "tests": 1,
    "passes": 1,
    "pending": 0,
    "failures": 0,
    "start": "2024-10-03T08:24:31.703Z",
    "end": "2024-10-03T08:24:41.287Z",
    "duration": 9584,
    "testsRegistered": 1,
    "passPercent": 100,
    "pendingPercent": 0,
    "other": 0,
    "hasOther": false,
    "skipped": 0,
    "hasSkipped": false
  },
  "results": [
    {
      "uuid": "61a3c47c-a013-4c34-9170-bef26f54d0d6",
      "title": "",
      "fullFile": "cypress\\e2e\\testBtn.cy.js",
      "file": "cypress\\e2e\\testBtn.cy.js",
      "beforeHooks": [],
      "afterHooks": [],
      "tests": [],
      "suites": [
        {
          "uuid": "3dcf112f-21d8-421b-b7b7-eb71df8d8501",
          "title": "Button Click Test",
          "fullFile": "",
          "file": "",
          "beforeHooks": [],
          "afterHooks": [],
          "tests": [
            {
              "title": "Clicks the simple button",
              "fullTitle": "Button Click Test Clicks the simple button",
              "timedOut": null,
              "duration": 6356,
              "state": "passed",
              "speed": "medium",
              "pass": true,
              "fail": false,
              "pending": false,
              "context": null,
              "code": "cy.visit('https://ultimateqa.com/simple-html-elements-for-automation/');\ncy.get('#idExample').click();\ncy.wait(5000);\ncy.url().should('include', 'https://ultimateqa.com/button-success');",
              "err": {},
              "uuid": "cf8ec87d-05d9-4745-9cd9-6aefc6f3cb54",
              "parentUUID": "3dcf112f-21d8-421b-b7b7-eb71df8d8501",
              "isHook": false,
              "skipped": false
            }
          ],
          "suites": [],
          "passes": [
            "cf8ec87d-05d9-4745-9cd9-6aefc6f3cb54"
          ],
          "failures": [],
          "pending": [],
          "skipped": [],
          "duration": 6356,
          "root": false,
          "rootEmpty": false,
          "_timeout": 2000
        }
      ],
      "passes": [],
      "failures": [],
      "pending": [],
      "skipped": [],
      "duration": 0,
      "root": true,
      "rootEmpty": true,
      "_timeout": 2000
    }
  ],
  "meta": {
    "mocha": {
      "version": "7.0.1"
    },
    "mochawesome": {
      "options": {
        "quiet": false,
        "reportFilename": "[name]",
        "saveHtml": false,
        "saveJson": true,
        "consoleReporter": "spec",
        "useInlineDiffs": false,
        "code": true
      },
      "version": "7.1.3"
    },
    "marge": {
      "options": {
        "reportDir": "cypress/reports/mochawesome-reports",
        "overwrite": true,
        "html": false,
        "json": true,
        "reportFilename": "[name]"
      },
      "version": "6.2.0"
    }
  }
}