{
  "stats": {
    "suites": 1,
    "tests": 1,
    "passes": 0,
    "pending": 0,
    "failures": 1,
    "start": "2024-10-03T08:24:44.247Z",
    "end": "2024-10-03T08:24:56.584Z",
    "duration": 12337,
    "testsRegistered": 1,
    "passPercent": 0,
    "pendingPercent": 0,
    "other": 0,
    "hasOther": false,
    "skipped": 0,
    "hasSkipped": false
  },
  "results": [
    {
      "uuid": "3e225c47-457e-41bc-8fe7-a46d003d65b8",
      "title": "",
      "fullFile": "cypress\\e2e\\testCheckbox.cy.js",
      "file": "cypress\\e2e\\testCheckbox.cy.js",
      "beforeHooks": [],
      "afterHooks": [],
      "tests": [],
      "suites": [
        {
          "uuid": "60a8660a-87f3-44c5-8243-f5fe58bc632d",
          "title": "Button Click Test",
          "fullFile": "",
          "file": "",
          "beforeHooks": [],
          "afterHooks": [],
          "tests": [
            {
              "title": "Clicks and checks a checkbox",
              "fullTitle": "Button Click Test Clicks and checks a checkbox",
              "timedOut": null,
              "duration": 10139,
              "state": "failed",
              "speed": null,
              "pass": false,
              "fail": true,
              "pending": false,
              "context": null,
              "code": "cy.visit('https://ultimateqa.com/simple-html-elements-for-automation/');\ncy.get('input[type=\"checkbox\"][value=\"Bike\"]');\ncy.wait(5000);\ncy.get('input[type=\"checkbox\"][value=\"Bike\"]').should('be.checked');",
              "err": {
                "message": "AssertionError: Timed out retrying after 4000ms: expected '<input>' to be 'checked'",
                "estack": "AssertionError: Timed out retrying after 4000ms: expected '<input>' to be 'checked'\n    at Context.eval (webpack://cypressassignment_1/./cypress/e2e/testCheckbox.cy.js:8:53)",
                "diff": null
              },
              "uuid": "1e655e5d-b2ec-459a-848e-ef98398dbccb",
              "parentUUID": "60a8660a-87f3-44c5-8243-f5fe58bc632d",
              "isHook": false,
              "skipped": false
            }
          ],
          "suites": [],
          "passes": [],
          "failures": [
            "1e655e5d-b2ec-459a-848e-ef98398dbccb"
          ],
          "pending": [],
          "skipped": [],
          "duration": 10139,
          "root": false,
          "rootEmpty": false,
          "_timeout": 2000
        }
      ],
      "passes": [],
      "failures": [],
      "pending": [],
      "skipped": [],
      "duration": 0,
      "root": true,
      "rootEmpty": true,
      "_timeout": 2000
    }
  ],
  "meta": {
    "mocha": {
      "version": "7.0.1"
    },
    "mochawesome": {
      "options": {
        "quiet": false,
        "reportFilename": "[name]",
        "saveHtml": false,
        "saveJson": true,
        "consoleReporter": "spec",
        "useInlineDiffs": false,
        "code": true
      },
      "version": "7.1.3"
    },
    "marge": {
      "options": {
        "reportDir": "cypress/reports/mochawesome-reports",
        "overwrite": true,
        "html": false,
        "json": true,
        "reportFilename": "[name]"
      },
      "version": "6.2.0"
    }
  }
}