{
  "stats": {
    "suites": 1,
    "tests": 1,
    "passes": 1,
    "pending": 0,
    "failures": 0,
    "start": "2024-10-03T08:24:59.315Z",
    "end": "2024-10-03T08:25:07.820Z",
    "duration": 8505,
    "testsRegistered": 1,
    "passPercent": 100,
    "pendingPercent": 0,
    "other": 0,
    "hasOther": false,
    "skipped": 0,
    "hasSkipped": false
  },
  "results": [
    {
      "uuid": "8b6f8d72-3776-45d7-aee0-3f65758b5930",
      "title": "",
      "fullFile": "cypress\\e2e\\testRadio.cy.js",
      "file": "cypress\\e2e\\testRadio.cy.js",
      "beforeHooks": [],
      "afterHooks": [],
      "tests": [],
      "suites": [
        {
          "uuid": "ccfd301a-7ffe-4181-a4be-11af3335ff98",
          "title": "Button Click Test",
          "fullFile": "",
          "file": "",
          "beforeHooks": [],
          "afterHooks": [],
          "tests": [
            {
              "title": "Clicks a radio button",
              "fullTitle": "Button Click Test Clicks a radio button",
              "timedOut": null,
              "duration": 6093,
              "state": "passed",
              "speed": "medium",
              "pass": true,
              "fail": false,
              "pending": false,
              "context": null,
              "code": "cy.visit('https://ultimateqa.com/simple-html-elements-for-automation/');\ncy.get('input[type=\"radio\"][value=\"male\"]').check();\ncy.wait(5000);\ncy.get('input[type=\"radio\"][value=\"male\"]').should('be.checked');",
              "err": {},
              "uuid": "88bf65fe-3dc0-4e76-933c-e40dc8122b80",
              "parentUUID": "ccfd301a-7ffe-4181-a4be-11af3335ff98",
              "isHook": false,
              "skipped": false
            }
          ],
          "suites": [],
          "passes": [
            "88bf65fe-3dc0-4e76-933c-e40dc8122b80"
          ],
          "failures": [],
          "pending": [],
          "skipped": [],
          "duration": 6093,
          "root": false,
          "rootEmpty": false,
          "_timeout": 2000
        }
      ],
      "passes": [],
      "failures": [],
      "pending": [],
      "skipped": [],
      "duration": 0,
      "root": true,
      "rootEmpty": true,
      "_timeout": 2000
    }
  ],
  "meta": {
    "mocha": {
      "version": "7.0.1"
    },
    "mochawesome": {
      "options": {
        "quiet": false,
        "reportFilename": "[name]",
        "saveHtml": false,
        "saveJson": true,
        "consoleReporter": "spec",
        "useInlineDiffs": false,
        "code": true
      },
      "version": "7.1.3"
    },
    "marge": {
      "options": {
        "reportDir": "cypress/reports/mochawesome-reports",
        "overwrite": true,
        "html": false,
        "json": true,
        "reportFilename": "[name]"
      },
      "version": "6.2.0"
    }
  }
}